2021-09-23 09:56:57.831 INFO  com.better.apitest.config.ApiTestApplication      :55   [32m                  [0;39m Starting ApiTestApplication using Java 1.8.0_281 on wangdong.local with PID 47081 (/Users/admin/IdeaProject/ApiTest/target/classes started by admin in /Users/admin/IdeaProject/ApiTest)
2021-09-23 09:56:57.841 INFO  com.better.apitest.config.ApiTestApplication      :660  [32m                  [0;39m No active profile set, falling back to default profiles: default
2021-09-23 09:56:57.948 INFO  o.s.b.d.env.DevToolsPropertyDefaultsPostProcessor :255  [32m                  [0;39m Devtools property defaults active! Set 'spring.devtools.add-properties' to 'false' to disable
2021-09-23 09:56:57.948 INFO  o.s.b.d.env.DevToolsPropertyDefaultsPostProcessor :255  [32m                  [0;39m For additional web related logging consider setting the 'logging.level.web' property to 'DEBUG'
2021-09-23 09:56:58.917 INFO  o.s.d.r.config.RepositoryConfigurationDelegate    :250  [32m                  [0;39m Multiple Spring Data modules found, entering strict repository configuration mode!
2021-09-23 09:56:58.920 INFO  o.s.d.r.config.RepositoryConfigurationDelegate    :128  [32m                  [0;39m Bootstrapping Spring Data Redis repositories in DEFAULT mode.
2021-09-23 09:56:58.943 INFO  o.s.d.r.config.RepositoryConfigurationDelegate    :188  [32m                  [0;39m Finished Spring Data repository scanning in 12 ms. Found 0 Redis repository interfaces.
2021-09-23 09:56:59.588 INFO  o.s.boot.web.embedded.tomcat.TomcatWebServer      :108  [32m                  [0;39m Tomcat initialized with port(s): 8091 (http)
2021-09-23 09:56:59.596 INFO  org.apache.coyote.http11.Http11NioProtocol        :173  [32m                  [0;39m Initializing ProtocolHandler ["http-nio-8091"]
2021-09-23 09:56:59.596 INFO  org.apache.catalina.core.StandardService          :173  [32m                  [0;39m Starting service [Tomcat]
2021-09-23 09:56:59.596 INFO  org.apache.catalina.core.StandardEngine           :173  [32m                  [0;39m Starting Servlet engine: [Apache Tomcat/9.0.39]
2021-09-23 09:56:59.650 INFO  o.a.c.core.ContainerBase.[Tomcat].[localhost].[/] :173  [32m                  [0;39m Initializing Spring embedded WebApplicationContext
2021-09-23 09:56:59.650 INFO  o.s.b.w.s.c.ServletWebServerApplicationContext    :289  [32m                  [0;39m Root WebApplicationContext: initialization completed in 1701 ms
2021-09-23 09:57:00.899 INFO  o.s.scheduling.concurrent.ThreadPoolTaskExecutor  :181  [32m                  [0;39m Initializing ExecutorService 'applicationTaskExecutor'
2021-09-23 09:57:01.321 WARN  o.s.b.d.autoconfigure.OptionalLiveReloadServer    :61   [32m                  [0;39m Unable to start LiveReload server
2021-09-23 09:57:01.346 INFO  org.apache.coyote.http11.Http11NioProtocol        :173  [32m                  [0;39m Starting ProtocolHandler ["http-nio-8091"]
2021-09-23 09:57:01.370 INFO  o.s.boot.web.embedded.tomcat.TomcatWebServer      :220  [32m                  [0;39m Tomcat started on port(s): 8091 (http) with context path ''
2021-09-23 09:57:01.383 INFO  com.better.apitest.config.ApiTestApplication      :61   [32m                  [0;39m Started ApiTestApplication in 4.36 seconds (JVM running for 5.148)
2021-09-23 09:57:01.388 INFO  com.better.apitest.config.ApiTestApplication      :19   [32m                  [0;39m 启动成功！！
2021-09-23 09:57:01.389 INFO  com.better.apitest.config.ApiTestApplication      :20   [32m                  [0;39m 地址: 	http://127.0.0.1:8091
2021-09-23 09:57:06.465 INFO  o.s.scheduling.concurrent.ThreadPoolTaskExecutor  :218  [32m                  [0;39m Shutting down ExecutorService 'applicationTaskExecutor'
2021-09-23 20:13:09.715 INFO  com.better.apitest.config.ApiTestApplication      :55   [32m                  [0;39m Starting ApiTestApplication using Java 1.8.0_281 on wangdong.local with PID 92820 (/Users/admin/IdeaProject/ApiTest/target/classes started by admin in /Users/admin/IdeaProject/ApiTest)
2021-09-23 20:13:09.719 INFO  com.better.apitest.config.ApiTestApplication      :660  [32m                  [0;39m No active profile set, falling back to default profiles: default
2021-09-23 20:13:09.809 INFO  o.s.b.d.env.DevToolsPropertyDefaultsPostProcessor :255  [32m                  [0;39m Devtools property defaults active! Set 'spring.devtools.add-properties' to 'false' to disable
2021-09-23 20:13:09.810 INFO  o.s.b.d.env.DevToolsPropertyDefaultsPostProcessor :255  [32m                  [0;39m For additional web related logging consider setting the 'logging.level.web' property to 'DEBUG'
2021-09-23 20:13:10.787 INFO  o.s.d.r.config.RepositoryConfigurationDelegate    :250  [32m                  [0;39m Multiple Spring Data modules found, entering strict repository configuration mode!
2021-09-23 20:13:10.789 INFO  o.s.d.r.config.RepositoryConfigurationDelegate    :128  [32m                  [0;39m Bootstrapping Spring Data Redis repositories in DEFAULT mode.
2021-09-23 20:13:10.814 INFO  o.s.d.r.config.RepositoryConfigurationDelegate    :188  [32m                  [0;39m Finished Spring Data repository scanning in 13 ms. Found 0 Redis repository interfaces.
2021-09-23 20:13:11.883 INFO  o.s.boot.web.embedded.tomcat.TomcatWebServer      :108  [32m                  [0;39m Tomcat initialized with port(s): 8091 (http)
2021-09-23 20:13:11.895 INFO  org.apache.coyote.http11.Http11NioProtocol        :173  [32m                  [0;39m Initializing ProtocolHandler ["http-nio-8091"]
2021-09-23 20:13:11.896 INFO  org.apache.catalina.core.StandardService          :173  [32m                  [0;39m Starting service [Tomcat]
2021-09-23 20:13:11.896 INFO  org.apache.catalina.core.StandardEngine           :173  [32m                  [0;39m Starting Servlet engine: [Apache Tomcat/9.0.39]
2021-09-23 20:13:11.968 INFO  o.a.c.core.ContainerBase.[Tomcat].[localhost].[/] :173  [32m                  [0;39m Initializing Spring embedded WebApplicationContext
2021-09-23 20:13:11.970 INFO  o.s.b.w.s.c.ServletWebServerApplicationContext    :289  [32m                  [0;39m Root WebApplicationContext: initialization completed in 2159 ms
2021-09-23 20:13:13.234 INFO  o.s.scheduling.concurrent.ThreadPoolTaskExecutor  :181  [32m                  [0;39m Initializing ExecutorService 'applicationTaskExecutor'
2021-09-23 20:13:13.603 INFO  o.s.b.d.autoconfigure.OptionalLiveReloadServer    :58   [32m                  [0;39m LiveReload server is running on port 35729
2021-09-23 20:13:13.627 INFO  org.apache.coyote.http11.Http11NioProtocol        :173  [32m                  [0;39m Starting ProtocolHandler ["http-nio-8091"]
2021-09-23 20:13:13.649 INFO  o.s.boot.web.embedded.tomcat.TomcatWebServer      :220  [32m                  [0;39m Tomcat started on port(s): 8091 (http) with context path ''
2021-09-23 20:13:13.664 INFO  com.better.apitest.config.ApiTestApplication      :61   [32m                  [0;39m Started ApiTestApplication in 4.594 seconds (JVM running for 5.949)
2021-09-23 20:13:13.668 INFO  com.better.apitest.config.ApiTestApplication      :19   [32m                  [0;39m 启动成功！！
2021-09-23 20:13:13.669 INFO  com.better.apitest.config.ApiTestApplication      :20   [32m                  [0;39m 地址: 	http://127.0.0.1:8091
2021-09-23 20:13:30.748 INFO  o.s.scheduling.concurrent.ThreadPoolTaskExecutor  :218  [32m                  [0;39m Shutting down ExecutorService 'applicationTaskExecutor'
