2022-02-08 16:15:54.323 INFO  com.better.apitest.config.ApiTestApplication      :55   [32m                  [0;39m Starting ApiTestApplication using Java 1.8.0_281 on wangdong.local with PID 62422 (/Users/admin/IdeaProject/ApiTest/target/classes started by admin in /Users/admin/IdeaProject/ApiTest)
2022-02-08 16:15:54.327 INFO  com.better.apitest.config.ApiTestApplication      :660  [32m                  [0;39m No active profile set, falling back to default profiles: default
2022-02-08 16:15:54.403 INFO  o.s.b.d.env.DevToolsPropertyDefaultsPostProcessor :255  [32m                  [0;39m Devtools property defaults active! Set 'spring.devtools.add-properties' to 'false' to disable
2022-02-08 16:15:54.404 INFO  o.s.b.d.env.DevToolsPropertyDefaultsPostProcessor :255  [32m                  [0;39m For additional web related logging consider setting the 'logging.level.web' property to 'DEBUG'
2022-02-08 16:15:55.336 INFO  o.s.d.r.config.RepositoryConfigurationDelegate    :250  [32m                  [0;39m Multiple Spring Data modules found, entering strict repository configuration mode!
2022-02-08 16:15:55.339 INFO  o.s.d.r.config.RepositoryConfigurationDelegate    :128  [32m                  [0;39m Bootstrapping Spring Data Redis repositories in DEFAULT mode.
2022-02-08 16:15:55.363 INFO  o.s.d.r.config.RepositoryConfigurationDelegate    :188  [32m                  [0;39m Finished Spring Data repository scanning in 13 ms. Found 0 Redis repository interfaces.
2022-02-08 16:15:56.031 INFO  o.s.boot.web.embedded.tomcat.TomcatWebServer      :108  [32m                  [0;39m Tomcat initialized with port(s): 8090 (http)
2022-02-08 16:15:56.041 INFO  org.apache.coyote.http11.Http11NioProtocol        :173  [32m                  [0;39m Initializing ProtocolHandler ["http-nio-8090"]
2022-02-08 16:15:56.042 INFO  org.apache.catalina.core.StandardService          :173  [32m                  [0;39m Starting service [Tomcat]
2022-02-08 16:15:56.042 INFO  org.apache.catalina.core.StandardEngine           :173  [32m                  [0;39m Starting Servlet engine: [Apache Tomcat/9.0.39]
2022-02-08 16:15:56.120 INFO  o.a.c.core.ContainerBase.[Tomcat].[localhost].[/] :173  [32m                  [0;39m Initializing Spring embedded WebApplicationContext
2022-02-08 16:15:56.122 INFO  o.s.b.w.s.c.ServletWebServerApplicationContext    :289  [32m                  [0;39m Root WebApplicationContext: initialization completed in 1717 ms
2022-02-08 16:15:57.377 INFO  o.s.scheduling.concurrent.ThreadPoolTaskExecutor  :181  [32m                  [0;39m Initializing ExecutorService 'applicationTaskExecutor'
2022-02-08 16:15:57.750 INFO  o.s.b.d.autoconfigure.OptionalLiveReloadServer    :58   [32m                  [0;39m LiveReload server is running on port 35729
2022-02-08 16:15:57.777 INFO  org.apache.coyote.http11.Http11NioProtocol        :173  [32m                  [0;39m Starting ProtocolHandler ["http-nio-8090"]
2022-02-08 16:15:57.800 INFO  o.s.boot.web.embedded.tomcat.TomcatWebServer      :220  [32m                  [0;39m Tomcat started on port(s): 8090 (http) with context path ''
2022-02-08 16:15:57.813 INFO  com.better.apitest.config.ApiTestApplication      :61   [32m                  [0;39m Started ApiTestApplication in 4.146 seconds (JVM running for 5.056)
2022-02-08 16:15:57.818 INFO  com.better.apitest.config.ApiTestApplication      :19   [32m                  [0;39m 启动成功！！
2022-02-08 16:15:57.818 INFO  com.better.apitest.config.ApiTestApplication      :20   [32m                  [0;39m 地址: 	http://127.0.0.1:8090
2022-02-08 16:17:11.422 INFO  o.a.c.core.ContainerBase.[Tomcat].[localhost].[/] :173  [32m                  [0;39m Initializing Spring DispatcherServlet 'dispatcherServlet'
2022-02-08 16:17:11.425 INFO  org.springframework.web.servlet.DispatcherServlet :525  [32m                  [0;39m Initializing Servlet 'dispatcherServlet'
2022-02-08 16:17:11.437 INFO  org.springframework.web.servlet.DispatcherServlet :547  [32m                  [0;39m Completed initialization in 12 ms
2022-02-08 16:17:11.466 INFO  com.better.apitest.interceptor.LoginInterceptor   :32   [32m                  [0;39m ------------- LoginInterceptor 开始 -------------
2022-02-08 16:17:11.468 INFO  com.better.apitest.interceptor.LoginInterceptor   :43   [32m                  [0;39m 接口登录拦截：，path：http://127.0.0.1:8090/test/hello
2022-02-08 16:17:11.468 INFO  com.better.apitest.interceptor.LoginInterceptor   :47   [32m                  [0;39m 登录校验开始，token：null
2022-02-08 16:17:11.469 INFO  com.better.apitest.interceptor.LoginInterceptor   :49   [32m                  [0;39m token为空，请求被拦截
2022-02-08 16:18:18.902 INFO  o.s.scheduling.concurrent.ThreadPoolTaskExecutor  :218  [32m                  [0;39m Shutting down ExecutorService 'applicationTaskExecutor'
2022-02-08 16:18:31.101 INFO  com.better.apitest.config.ApiTestApplication      :55   [32m                  [0;39m Starting ApiTestApplication using Java 1.8.0_281 on wangdong.local with PID 64035 (/Users/admin/IdeaProject/ApiTest/target/classes started by admin in /Users/admin/IdeaProject/ApiTest)
2022-02-08 16:18:31.103 INFO  com.better.apitest.config.ApiTestApplication      :660  [32m                  [0;39m No active profile set, falling back to default profiles: default
2022-02-08 16:18:31.189 INFO  o.s.b.d.env.DevToolsPropertyDefaultsPostProcessor :255  [32m                  [0;39m Devtools property defaults active! Set 'spring.devtools.add-properties' to 'false' to disable
2022-02-08 16:18:31.190 INFO  o.s.b.d.env.DevToolsPropertyDefaultsPostProcessor :255  [32m                  [0;39m For additional web related logging consider setting the 'logging.level.web' property to 'DEBUG'
2022-02-08 16:18:32.143 INFO  o.s.d.r.config.RepositoryConfigurationDelegate    :250  [32m                  [0;39m Multiple Spring Data modules found, entering strict repository configuration mode!
2022-02-08 16:18:32.145 INFO  o.s.d.r.config.RepositoryConfigurationDelegate    :128  [32m                  [0;39m Bootstrapping Spring Data Redis repositories in DEFAULT mode.
2022-02-08 16:18:32.175 INFO  o.s.d.r.config.RepositoryConfigurationDelegate    :188  [32m                  [0;39m Finished Spring Data repository scanning in 17 ms. Found 0 Redis repository interfaces.
2022-02-08 16:18:32.834 INFO  o.s.boot.web.embedded.tomcat.TomcatWebServer      :108  [32m                  [0;39m Tomcat initialized with port(s): 8090 (http)
2022-02-08 16:18:32.843 INFO  org.apache.coyote.http11.Http11NioProtocol        :173  [32m                  [0;39m Initializing ProtocolHandler ["http-nio-8090"]
2022-02-08 16:18:32.844 INFO  org.apache.catalina.core.StandardService          :173  [32m                  [0;39m Starting service [Tomcat]
2022-02-08 16:18:32.844 INFO  org.apache.catalina.core.StandardEngine           :173  [32m                  [0;39m Starting Servlet engine: [Apache Tomcat/9.0.39]
2022-02-08 16:18:32.911 INFO  o.a.c.core.ContainerBase.[Tomcat].[localhost].[/] :173  [32m                  [0;39m Initializing Spring embedded WebApplicationContext
2022-02-08 16:18:32.913 INFO  o.s.b.w.s.c.ServletWebServerApplicationContext    :289  [32m                  [0;39m Root WebApplicationContext: initialization completed in 1722 ms
2022-02-08 16:18:34.168 INFO  o.s.scheduling.concurrent.ThreadPoolTaskExecutor  :181  [32m                  [0;39m Initializing ExecutorService 'applicationTaskExecutor'
2022-02-08 16:18:34.548 INFO  o.s.b.d.autoconfigure.OptionalLiveReloadServer    :58   [32m                  [0;39m LiveReload server is running on port 35729
2022-02-08 16:18:34.574 INFO  org.apache.coyote.http11.Http11NioProtocol        :173  [32m                  [0;39m Starting ProtocolHandler ["http-nio-8090"]
2022-02-08 16:18:34.596 INFO  o.s.boot.web.embedded.tomcat.TomcatWebServer      :220  [32m                  [0;39m Tomcat started on port(s): 8090 (http) with context path ''
2022-02-08 16:18:34.615 INFO  com.better.apitest.config.ApiTestApplication      :61   [32m                  [0;39m Started ApiTestApplication in 4.095 seconds (JVM running for 4.965)
2022-02-08 16:18:34.619 INFO  com.better.apitest.config.ApiTestApplication      :19   [32m                  [0;39m 启动成功！！
2022-02-08 16:18:34.624 INFO  com.better.apitest.config.ApiTestApplication      :20   [32m                  [0;39m 地址: 	http://127.0.0.1:8090
2022-02-08 16:18:40.273 INFO  o.a.c.core.ContainerBase.[Tomcat].[localhost].[/] :173  [32m                  [0;39m Initializing Spring DispatcherServlet 'dispatcherServlet'
2022-02-08 16:18:40.274 INFO  org.springframework.web.servlet.DispatcherServlet :525  [32m                  [0;39m Initializing Servlet 'dispatcherServlet'
2022-02-08 16:18:40.295 INFO  org.springframework.web.servlet.DispatcherServlet :547  [32m                  [0;39m Completed initialization in 20 ms
2022-02-08 16:19:29.093 INFO  o.s.scheduling.concurrent.ThreadPoolTaskExecutor  :218  [32m                  [0;39m Shutting down ExecutorService 'applicationTaskExecutor'
2022-02-08 16:19:35.465 INFO  com.better.apitest.config.ApiTestApplication      :55   [32m                  [0;39m Starting ApiTestApplication using Java 1.8.0_281 on wangdong.local with PID 64643 (/Users/admin/IdeaProject/ApiTest/target/classes started by admin in /Users/admin/IdeaProject/ApiTest)
2022-02-08 16:19:35.467 INFO  com.better.apitest.config.ApiTestApplication      :660  [32m                  [0;39m No active profile set, falling back to default profiles: default
2022-02-08 16:19:35.603 INFO  o.s.b.d.env.DevToolsPropertyDefaultsPostProcessor :255  [32m                  [0;39m Devtools property defaults active! Set 'spring.devtools.add-properties' to 'false' to disable
2022-02-08 16:19:35.603 INFO  o.s.b.d.env.DevToolsPropertyDefaultsPostProcessor :255  [32m                  [0;39m For additional web related logging consider setting the 'logging.level.web' property to 'DEBUG'
2022-02-08 16:19:36.559 INFO  o.s.d.r.config.RepositoryConfigurationDelegate    :250  [32m                  [0;39m Multiple Spring Data modules found, entering strict repository configuration mode!
2022-02-08 16:19:36.562 INFO  o.s.d.r.config.RepositoryConfigurationDelegate    :128  [32m                  [0;39m Bootstrapping Spring Data Redis repositories in DEFAULT mode.
2022-02-08 16:19:36.602 INFO  o.s.d.r.config.RepositoryConfigurationDelegate    :188  [32m                  [0;39m Finished Spring Data repository scanning in 23 ms. Found 0 Redis repository interfaces.
2022-02-08 16:19:37.241 INFO  o.s.boot.web.embedded.tomcat.TomcatWebServer      :108  [32m                  [0;39m Tomcat initialized with port(s): 8090 (http)
2022-02-08 16:19:37.249 INFO  org.apache.coyote.http11.Http11NioProtocol        :173  [32m                  [0;39m Initializing ProtocolHandler ["http-nio-8090"]
2022-02-08 16:19:37.250 INFO  org.apache.catalina.core.StandardService          :173  [32m                  [0;39m Starting service [Tomcat]
2022-02-08 16:19:37.250 INFO  org.apache.catalina.core.StandardEngine           :173  [32m                  [0;39m Starting Servlet engine: [Apache Tomcat/9.0.39]
2022-02-08 16:19:37.311 INFO  o.a.c.core.ContainerBase.[Tomcat].[localhost].[/] :173  [32m                  [0;39m Initializing Spring embedded WebApplicationContext
2022-02-08 16:19:37.312 INFO  o.s.b.w.s.c.ServletWebServerApplicationContext    :289  [32m                  [0;39m Root WebApplicationContext: initialization completed in 1708 ms
2022-02-08 16:19:38.493 INFO  o.s.scheduling.concurrent.ThreadPoolTaskExecutor  :181  [32m                  [0;39m Initializing ExecutorService 'applicationTaskExecutor'
2022-02-08 16:19:39.036 INFO  o.s.b.d.autoconfigure.OptionalLiveReloadServer    :58   [32m                  [0;39m LiveReload server is running on port 35729
2022-02-08 16:19:39.064 INFO  org.apache.coyote.http11.Http11NioProtocol        :173  [32m                  [0;39m Starting ProtocolHandler ["http-nio-8090"]
2022-02-08 16:19:39.086 INFO  o.s.boot.web.embedded.tomcat.TomcatWebServer      :220  [32m                  [0;39m Tomcat started on port(s): 8090 (http) with context path ''
2022-02-08 16:19:39.100 INFO  com.better.apitest.config.ApiTestApplication      :61   [32m                  [0;39m Started ApiTestApplication in 4.088 seconds (JVM running for 4.846)
2022-02-08 16:19:39.105 INFO  com.better.apitest.config.ApiTestApplication      :19   [32m                  [0;39m 启动成功！！
2022-02-08 16:19:39.106 INFO  com.better.apitest.config.ApiTestApplication      :20   [32m                  [0;39m 地址: 	http://127.0.0.1:8090
2022-02-08 16:19:42.513 INFO  o.a.c.core.ContainerBase.[Tomcat].[localhost].[/] :173  [32m                  [0;39m Initializing Spring DispatcherServlet 'dispatcherServlet'
2022-02-08 16:19:42.514 INFO  org.springframework.web.servlet.DispatcherServlet :525  [32m                  [0;39m Initializing Servlet 'dispatcherServlet'
2022-02-08 16:19:42.524 INFO  org.springframework.web.servlet.DispatcherServlet :547  [32m                  [0;39m Completed initialization in 4 ms
2022-02-08 16:19:42.574 INFO  com.better.apitest.service.impl.TestServiceImp    :31   [32m                  [0;39m a == d
2022-02-08 16:19:49.317 INFO  o.s.scheduling.concurrent.ThreadPoolTaskExecutor  :218  [32m                  [0;39m Shutting down ExecutorService 'applicationTaskExecutor'
