2021-09-24 13:33:03.839 INFO  com.better.apitest.config.ApiTestApplication      :55   [32m                  [0;39m Starting ApiTestApplication using Java 1.8.0_281 on wangdong.local with PID 28970 (/Users/admin/IdeaProject/ApiTest/target/classes started by admin in /Users/admin/IdeaProject/ApiTest)
2021-09-24 13:33:03.844 INFO  com.better.apitest.config.ApiTestApplication      :660  [32m                  [0;39m No active profile set, falling back to default profiles: default
2021-09-24 13:33:03.919 INFO  o.s.b.d.env.DevToolsPropertyDefaultsPostProcessor :255  [32m                  [0;39m Devtools property defaults active! Set 'spring.devtools.add-properties' to 'false' to disable
2021-09-24 13:33:03.919 INFO  o.s.b.d.env.DevToolsPropertyDefaultsPostProcessor :255  [32m                  [0;39m For additional web related logging consider setting the 'logging.level.web' property to 'DEBUG'
2021-09-24 13:33:04.825 INFO  o.s.d.r.config.RepositoryConfigurationDelegate    :250  [32m                  [0;39m Multiple Spring Data modules found, entering strict repository configuration mode!
2021-09-24 13:33:04.828 INFO  o.s.d.r.config.RepositoryConfigurationDelegate    :128  [32m                  [0;39m Bootstrapping Spring Data Redis repositories in DEFAULT mode.
2021-09-24 13:33:04.853 INFO  o.s.d.r.config.RepositoryConfigurationDelegate    :188  [32m                  [0;39m Finished Spring Data repository scanning in 13 ms. Found 0 Redis repository interfaces.
2021-09-24 13:33:05.515 INFO  o.s.boot.web.embedded.tomcat.TomcatWebServer      :108  [32m                  [0;39m Tomcat initialized with port(s): 8091 (http)
2021-09-24 13:33:05.523 INFO  org.apache.coyote.http11.Http11NioProtocol        :173  [32m                  [0;39m Initializing ProtocolHandler ["http-nio-8091"]
2021-09-24 13:33:05.523 INFO  org.apache.catalina.core.StandardService          :173  [32m                  [0;39m Starting service [Tomcat]
2021-09-24 13:33:05.523 INFO  org.apache.catalina.core.StandardEngine           :173  [32m                  [0;39m Starting Servlet engine: [Apache Tomcat/9.0.39]
2021-09-24 13:33:05.579 INFO  o.a.c.core.ContainerBase.[Tomcat].[localhost].[/] :173  [32m                  [0;39m Initializing Spring embedded WebApplicationContext
2021-09-24 13:33:05.579 INFO  o.s.b.w.s.c.ServletWebServerApplicationContext    :289  [32m                  [0;39m Root WebApplicationContext: initialization completed in 1659 ms
2021-09-24 13:33:06.839 INFO  o.s.scheduling.concurrent.ThreadPoolTaskExecutor  :181  [32m                  [0;39m Initializing ExecutorService 'applicationTaskExecutor'
2021-09-24 13:33:07.340 WARN  o.s.b.d.autoconfigure.OptionalLiveReloadServer    :61   [32m                  [0;39m Unable to start LiveReload server
2021-09-24 13:33:07.367 INFO  org.apache.coyote.http11.Http11NioProtocol        :173  [32m                  [0;39m Starting ProtocolHandler ["http-nio-8091"]
2021-09-24 13:33:07.389 INFO  o.s.boot.web.embedded.tomcat.TomcatWebServer      :220  [32m                  [0;39m Tomcat started on port(s): 8091 (http) with context path ''
2021-09-24 13:33:07.401 INFO  com.better.apitest.config.ApiTestApplication      :61   [32m                  [0;39m Started ApiTestApplication in 4.059 seconds (JVM running for 4.808)
2021-09-24 13:33:07.406 INFO  com.better.apitest.config.ApiTestApplication      :19   [32m                  [0;39m å¯åŠ¨æˆåŠŸï¼ï¼
2021-09-24 13:33:07.407 INFO  com.better.apitest.config.ApiTestApplication      :20   [32m                  [0;39m åœ°å€: 	http://127.0.0.1:8091
2021-09-24 13:33:16.429 INFO  o.a.c.core.ContainerBase.[Tomcat].[localhost].[/] :173  [32m                  [0;39m Initializing Spring DispatcherServlet 'dispatcherServlet'
2021-09-24 13:33:16.430 INFO  org.springframework.web.servlet.DispatcherServlet :525  [32m                  [0;39m Initializing Servlet 'dispatcherServlet'
2021-09-24 13:33:16.434 INFO  org.springframework.web.servlet.DispatcherServlet :547  [32m                  [0;39m Completed initialization in 3 ms
2021-09-24 13:33:16.459 INFO  com.better.apitest.interceptor.LoginInterceptor   :32   [32m                  [0;39m ------------- LoginInterceptor å¼€å§‹ -------------
2021-09-24 13:33:16.462 INFO  com.better.apitest.interceptor.LoginInterceptor   :43   [32m                  [0;39m æŽ¥å£ç™»å½•æ‹¦æˆªï¼šï¼Œpathï¼šhttp://127.0.0.1:8091/project/list
2021-09-24 13:33:16.463 INFO  com.better.apitest.interceptor.LoginInterceptor   :47   [32m                  [0;39m ç™»å½•æ ¡éªŒå¼€å§‹ï¼Œtokenï¼šnull
2021-09-24 13:33:16.463 INFO  com.better.apitest.interceptor.LoginInterceptor   :49   [32m                  [0;39m tokenä¸ºç©ºï¼Œè¯·æ±‚è¢«æ‹¦æˆª
2021-09-24 13:33:29.556 INFO  com.zaxxer.hikari.HikariDataSource                :110  [32m                  [0;39m HikariPool-1 - Starting...
2021-09-24 13:33:31.324 INFO  com.zaxxer.hikari.HikariDataSource                :123  [32m                  [0;39m HikariPool-1 - Start completed.
2021-09-24 13:33:31.354 DEBUG c.b.apitest.mapper.UserMapper.selectByUserName    :137  [32m                  [0;39m ==>  Preparing: select id, user_name, name_cn, `password`, salt, locked, account, token, create_date from sys_user where user_name = ?
2021-09-24 13:33:31.391 DEBUG c.b.apitest.mapper.UserMapper.selectByUserName    :137  [32m                  [0;39m ==> Parameters: jingtian(String)
2021-09-24 13:33:31.487 TRACE c.b.apitest.mapper.UserMapper.selectByUserName    :143  [32m                  [0;39m <==    Columns: id, user_name, name_cn, password, salt, locked, account, token, create_date
2021-09-24 13:33:31.490 TRACE c.b.apitest.mapper.UserMapper.selectByUserName    :143  [32m                  [0;39m <==        Row: 75841144738680832, jingtian, æ™¯å¤©, e10adc3949ba59abbe56e057f20f883e, null, 0, QA, null, 2021-07-29 14:45:38
2021-09-24 13:33:31.493 DEBUG c.b.apitest.mapper.UserMapper.selectByUserName    :137  [32m                  [0;39m <==      Total: 1
2021-09-24 13:33:31.499 INFO  com.better.apitest.service.impl.UserServiceImp    :51   [32m                  [0;39m ç”¨æˆ·jingtianï¼Œç™»é™†æˆåŠŸ
2021-09-24 13:33:31.500 INFO  com.better.apitest.service.impl.UserServiceImp    :53   [32m                  [0;39m ç”Ÿæˆå•ç‚¹ç™»å½•tokenï¼š96479106564231168ï¼Œå¹¶æ”¾å…¥redisä¸­
2021-09-24 13:33:42.702 INFO  com.better.apitest.interceptor.LoginInterceptor   :32   [32m                  [0;39m ------------- LoginInterceptor å¼€å§‹ -------------
2021-09-24 13:33:42.704 INFO  com.better.apitest.interceptor.LoginInterceptor   :43   [32m                  [0;39m æŽ¥å£ç™»å½•æ‹¦æˆªï¼šï¼Œpathï¼šhttp://127.0.0.1:8091/project/list
2021-09-24 13:33:42.705 INFO  com.better.apitest.interceptor.LoginInterceptor   :47   [32m                  [0;39m ç™»å½•æ ¡éªŒå¼€å§‹ï¼Œtokenï¼šnull
2021-09-24 13:33:42.705 INFO  com.better.apitest.interceptor.LoginInterceptor   :49   [32m                  [0;39m tokenä¸ºç©ºï¼Œè¯·æ±‚è¢«æ‹¦æˆª
2021-09-24 13:33:59.165 INFO  com.better.apitest.interceptor.LoginInterceptor   :32   [32m                  [0;39m ------------- LoginInterceptor å¼€å§‹ -------------
2021-09-24 13:33:59.174 INFO  com.better.apitest.interceptor.LoginInterceptor   :43   [32m                  [0;39m æŽ¥å£ç™»å½•æ‹¦æˆªï¼šï¼Œpathï¼šhttp://127.0.0.1:8091/project/list
2021-09-24 13:33:59.175 INFO  com.better.apitest.interceptor.LoginInterceptor   :47   [32m                  [0;39m ç™»å½•æ ¡éªŒå¼€å§‹ï¼Œtokenï¼š96479106564231168
2021-09-24 13:33:59.267 INFO  com.better.apitest.interceptor.LoginInterceptor   :59   [32m                  [0;39m å·²ç™»å½•ï¼š{"account":"QA","createDate":1627541138000,"id":75841144738680832,"locked":false,"nameCn":"æ™¯å¤©","password":"e10adc3949ba59abbe56e057f20f883e","token":"96479106564231168","userName":"jingtian"}
2021-09-24 13:33:59.411 DEBUG c.b.apitest.mapper.ProjectMapper.selectAllList    :137  [32m                  [0;39m ==>  Preparing: select id, project_name, project_type, auth_users_id, create_by, create_date, update_by, update_date, remarks, del_flag, belong_flag, `sequence` from sys_project where del_flag = 0
2021-09-24 13:33:59.415 DEBUG c.b.apitest.mapper.ProjectMapper.selectAllList    :137  [32m                  [0;39m ==> Parameters: 
2021-09-24 13:33:59.494 TRACE c.b.apitest.mapper.ProjectMapper.selectAllList    :143  [32m                  [0;39m <==    Columns: id, project_name, project_type, auth_users_id, create_by, create_date, update_by, update_date, remarks, del_flag, belong_flag, sequence
2021-09-24 13:33:59.497 TRACE c.b.apitest.mapper.ProjectMapper.selectAllList    :143  [32m                  [0;39m <==        Row: 75851470586646528, ç¬¬1ä¸ªæµ‹è¯•é¡¹ç›®, 10, 75841144738680832, 75841144738680832, 2021-07-29 15:26:40, null, 2021-07-29 15:26:40, æè¿°, 0, 1, 0
2021-09-24 13:33:59.501 DEBUG c.b.apitest.mapper.ProjectMapper.selectAllList    :137  [32m                  [0;39m <==      Total: 1
2021-09-24 13:33:59.785 INFO  com.better.apitest.interceptor.LoginInterceptor   :68   [32m                  [0;39m ------------- LoginInterceptor ç»“æŸ è€—æ—¶ï¼š611 ms -------------
2021-09-24 13:34:05.006 INFO  o.s.scheduling.concurrent.ThreadPoolTaskExecutor  :218  [32m                  [0;39m Shutting down ExecutorService 'applicationTaskExecutor'
2021-09-24 13:34:05.012 INFO  com.zaxxer.hikari.HikariDataSource                :350  [32m                  [0;39m HikariPool-1 - Shutdown initiated...
2021-09-24 13:34:05.026 INFO  com.zaxxer.hikari.HikariDataSource                :352  [32m                  [0;39m HikariPool-1 - Shutdown completed.
